<?xml version="1.0" encoding="UTF-8"?>
<!-- Generated by org.testng.reporters.JUnitReportReporter -->
<testsuite hostname="DVTLF7KCHC2" failures="0" tests="3" name="testsDemoWebShop.TestsDemoWebShop" time="9.682" errors="0" timestamp="2022-06-14T07:09:15 CEST" skipped="0">
  <testcase classname="testsDemoWebShop.TestsDemoWebShop" name="GIVEN_ShopperOnLandingPage_WHEN_TopMenuBar_THEN_SelectedCategoryPageDisplayed" time="3.252"/>
  <system-out>
    <![CDATA[User Story 1: search using the top menu bar
Description : Books - Contains Category - Books
Cart QTY = 1]]>
  </system-out>
  <testcase classname="testsDemoWebShop.TestsDemoWebShop" name="GIVEN_ShopperOnLandingPage_WHEN_TopMenuBar_THEN_SelectedCategoryPageDisplayed" time="3.288"/>
  <system-out>
    <![CDATA[User Story 1: search using the top menu bar
Description : Jewelry - Contains Category - Jewelry
Cart QTY = 1]]>
  </system-out>
  <testcase classname="testsDemoWebShop.TestsDemoWebShop" name="GIVEN_ShopperOnLandingPage_WHEN_TopMenuBar_THEN_SelectedCategoryPageDisplayed" time="3.142"/>
  <system-out>
    <![CDATA[User Story 1: search using the top menu bar
Description : Apparel & Shoes - Contains Category - Apparel & Shoes
Cart QTY = 1]]>
  </system-out>
</testsuite> <!-- testsDemoWebShop.TestsDemoWebShop -->
