<?xml version="1.0" encoding="UTF-8"?>
<!-- Generated by org.testng.reporters.JUnitReportReporter -->
<testsuite hostname="DVTLF7KCHC2" failures="0" tests="1" name="testsDemoWebShop.TestsDemoWebShop" time="3.547" errors="0" timestamp="2022-05-22T08:58:10 CEST" skipped="0">
  <testcase classname="testsDemoWebShop.TestsDemoWebShop" name="GIVEN_CartnotEmpty_WHEN_GoToCart_THEN_UpdateQty" time="3.547"/>
  <system-out/>
</testsuite> <!-- testsDemoWebShop.TestsDemoWebShop -->
