<?xml version="1.0" encoding="UTF-8"?>
<!-- Generated by org.testng.reporters.JUnitReportReporter -->
<testsuite hostname="DVTLF7KCHC2" failures="0" tests="3" name="testsDemoWebShop.TestsDemoWebShop" time="4.506" errors="0" timestamp="2022-05-18T18:53:12 CEST" skipped="0">
  <testcase classname="testsDemoWebShop.TestsDemoWebShop" name="GIVEN_ShopperOnLandingPage_WHEN_TopMenuBar_THEN_SelectedCategoryPageDisplayed" time="1.238"/>
  <system-out/>
  <testcase classname="testsDemoWebShop.TestsDemoWebShop" name="GIVEN_ShopperOnLandingPage_WHEN_TopMenuBar_THEN_SelectedCategoryPageDisplayed" time="1.637"/>
  <system-out/>
  <testcase classname="testsDemoWebShop.TestsDemoWebShop" name="GIVEN_ShopperOnLandingPage_WHEN_TopMenuBar_THEN_SelectedCategoryPageDisplayed" time="1.631"/>
  <system-out/>
</testsuite> <!-- testsDemoWebShop.TestsDemoWebShop -->
