<?xml version="1.0" encoding="UTF-8"?>
<!-- Generated by org.testng.reporters.JUnitReportReporter -->
<testsuite hostname="DVTLF7KCHC2" failures="0" tests="3" name="testsDemoWebShop.TestsDemoWebShop" time="10.402" errors="0" timestamp="2022-06-24T07:48:17 CEST" skipped="0">
  <testcase classname="testsDemoWebShop.TestsDemoWebShop" name="GIVEN_ShopperOnLandingPage_WHEN_CategoriesList_THEN_SelectedCategoryPageDisplayed" time="3.424"/>
  <system-out>
    <![CDATA[User Story 2: Browse using the categories list
Description : Jewelry - Contains Category - Jewelry
Cart QTY = 1
<a href='C:\AutoProgram\antoinetteExamEvalution\antoinetteExamEvalution\target\surefire-reports-20220624053735\imagesOn test Success074814.png'> <img src='C:\AutoProgram\antoinetteExamEvalution\antoinetteExamEvalution\target\surefire-reports-20220624053735\imagesOn test Success074814.png' height='200' with='200'/> </a>]]>
  </system-out>
  <testcase classname="testsDemoWebShop.TestsDemoWebShop" name="GIVEN_ShopperOnLandingPage_WHEN_CategoriesList_THEN_SelectedCategoryPageDisplayed" time="3.306"/>
  <system-out>
    <![CDATA[User Story 2: Browse using the categories list
Description : Apparel & Shoes - Contains Category - Apparel & Shoes
Cart QTY = 1
<a href='C:\AutoProgram\antoinetteExamEvalution\antoinetteExamEvalution\target\surefire-reports-20220624053735\imagesOn test Success074811.png'> <img src='C:\AutoProgram\antoinetteExamEvalution\antoinetteExamEvalution\target\surefire-reports-20220624053735\imagesOn test Success074811.png' height='200' with='200'/> </a>]]>
  </system-out>
  <testcase classname="testsDemoWebShop.TestsDemoWebShop" name="GIVEN_ShopperOnLandingPage_WHEN_CategoriesList_THEN_SelectedCategoryPageDisplayed" time="3.672"/>
  <system-out>
    <![CDATA[User Story 2: Browse using the categories list
Description : Books - Contains Category - Books
Cart QTY = 1
<a href='C:\AutoProgram\antoinetteExamEvalution\antoinetteExamEvalution\target\surefire-reports-20220624053735\imagesOn test Success074808.png'> <img src='C:\AutoProgram\antoinetteExamEvalution\antoinetteExamEvalution\target\surefire-reports-20220624053735\imagesOn test Success074808.png' height='200' with='200'/> </a>]]>
  </system-out>
</testsuite> <!-- testsDemoWebShop.TestsDemoWebShop -->
