<?xml version="1.0" encoding="UTF-8"?>
<!-- Generated by org.testng.reporters.JUnitReportReporter -->
<testsuite hostname="DVTLF7KCHC2" failures="0" tests="1" name="testsDemoWebShop.TestsDemoWebShop" time="21.804" errors="0" timestamp="2022-06-18T08:15:54 CEST" skipped="0">
  <testcase classname="testsDemoWebShop.TestsDemoWebShop" name="GIVEN_ShopperOnLandingPage_WHEN_SelectTwoItems_THEN_CompareItems" time="21.804"/>
  <system-out>
    <![CDATA[User Story 6: Add to your compare list
Item 1 for Compare Description : Copy of Computing and Internet EX
Item 2 for Compare Description : Computing and Internet
Copy of Computing and Internet EX Expected Value  10.00 and Actual Value 10.00
Computing and Internet Expected Value  10.00 and Actual Value 10.00]]>
  </system-out>
</testsuite> <!-- testsDemoWebShop.TestsDemoWebShop -->
